Started on Jan 9, 2023, 3:32:31 PM
Started by event from 140.82.115.84 ⇒ http://35.199.181.18:8080/github-webhook/ on Mon Jan 09 15:32:30 UTC 2023
Polling SCM changes on master
Using strategy: Default
[poll] Last Built Revision: Revision 044969f7af6f48a32526fd57fcdae18e29a5f550 (origin/main)
The recommended git tool is: NONE
No credentials specified
 > git rev-parse --resolve-git-dir /var/lib/jenkins/workspace/Mavendeploment/.git # timeout=10
Fetching changes from the remote Git repositories
 > git config remote.origin.url https://github.com/sunilkumarksk/simplejavaapp.git # timeout=10
Fetching upstream changes from https://github.com/sunilkumarksk/simplejavaapp.git
 > git --version # timeout=10
 > git --version # 'git version 1.8.3.1'
 > git fetch --tags --progress https://github.com/sunilkumarksk/simplejavaapp.git +refs/heads/*:refs/remotes/origin/* # timeout=10
Polling for changes in
Seen branch in repository origin/main
Seen 1 remote branch
 > git show-ref --tags -d # timeout=10
 > git log --full-history --no-abbrev --format=raw -M -m 044969f7af6f48a32526fd57fcdae18e29a5f550..2f11fceede2f257137f7a388be298add3e805acc # timeout=10
Done. Took 0.55 sec
Changes found
