Started on Jan 8, 2023, 9:35:43 PM
Started by event from 140.82.115.152 ⇒ http://35.199.181.18:8080/github-webhook/ on Sun Jan 08 21:35:43 UTC 2023
Polling SCM changes on master
Using strategy: Default
[poll] Last Built Revision: Revision 091b22c4d6bac9d93c20d36e36444f8c9a7cc612 (origin/main)
The recommended git tool is: NONE
No credentials specified
 > git rev-parse --resolve-git-dir /var/lib/jenkins/workspace/Mavendeploment/.git # timeout=10
Fetching changes from the remote Git repositories
 > git config remote.origin.url https://github.com/sunilkumarksk/simplejavaapp.git # timeout=10
Fetching upstream changes from https://github.com/sunilkumarksk/simplejavaapp.git
 > git --version # timeout=10
 > git --version # 'git version 1.8.3.1'
 > git fetch --tags --progress https://github.com/sunilkumarksk/simplejavaapp.git +refs/heads/*:refs/remotes/origin/* # timeout=10
Polling for changes in
Seen branch in repository origin/main
Seen 1 remote branch
 > git show-ref --tags -d # timeout=10
 > git log --full-history --no-abbrev --format=raw -M -m 091b22c4d6bac9d93c20d36e36444f8c9a7cc612..f14712c2cc441c909657c23b2a953de94a97d4b8 # timeout=10
Done. Took 0.44 sec
Changes found
