Started on Jan 8, 2023, 9:43:56 PM
Started by event from 140.82.115.248 ⇒ http://35.199.181.18:8080/github-webhook/ on Sun Jan 08 21:43:56 UTC 2023
Polling SCM changes on master
Using strategy: Default
[poll] Last Built Revision: Revision f14712c2cc441c909657c23b2a953de94a97d4b8 (origin/main)
The recommended git tool is: NONE
No credentials specified
 > git rev-parse --resolve-git-dir /var/lib/jenkins/workspace/Mavendeploment/.git # timeout=10
Fetching changes from the remote Git repositories
 > git config remote.origin.url https://github.com/sunilkumarksk/simplejavaapp.git # timeout=10
Fetching upstream changes from https://github.com/sunilkumarksk/simplejavaapp.git
 > git --version # timeout=10
 > git --version # 'git version 1.8.3.1'
 > git fetch --tags --progress https://github.com/sunilkumarksk/simplejavaapp.git +refs/heads/*:refs/remotes/origin/* # timeout=10
Polling for changes in
Seen branch in repository origin/main
Seen 1 remote branch
 > git show-ref --tags -d # timeout=10
 > git log --full-history --no-abbrev --format=raw -M -m f14712c2cc441c909657c23b2a953de94a97d4b8..23a7f603ed38510e394f7191a6de126a5e8d133e # timeout=10
Done. Took 0.43 sec
Changes found
