Started on Jan 8, 2023, 9:18:27 PM
Started by event from 140.82.115.100 ⇒ http://35.199.181.18:8080/github-webhook/ on Sun Jan 08 21:18:27 UTC 2023
Polling SCM changes on master
Using strategy: Default
[poll] Last Built Revision: Revision a31cc796ed75c9cc61d43885fc1d25bc023e352d (origin/main)
The recommended git tool is: NONE
No credentials specified
 > git rev-parse --resolve-git-dir /var/lib/jenkins/workspace/Maven deploment/.git # timeout=10
Fetching changes from the remote Git repositories
 > git config remote.origin.url https://github.com/sunilkumarksk/simplejavaapp.git # timeout=10
Fetching upstream changes from https://github.com/sunilkumarksk/simplejavaapp.git
 > git --version # timeout=10
 > git --version # 'git version 1.8.3.1'
 > git fetch --tags --progress https://github.com/sunilkumarksk/simplejavaapp.git +refs/heads/*:refs/remotes/origin/* # timeout=10
Polling for changes in
Seen branch in repository origin/main
Seen 1 remote branch
 > git show-ref --tags -d # timeout=10
 > git log --full-history --no-abbrev --format=raw -M -m a31cc796ed75c9cc61d43885fc1d25bc023e352d..6a66673ddb54077fccf10d22c19c3969c03f287a # timeout=10
Done. Took 0.56 sec
Changes found
